Mar 21 23:42 : player: played "Cartoon - On & On (feat. Daniel Levi) [NCS Release].mp3"
Mar 22 08:05 : player: played "Cartoon - On & On (feat. Daniel Levi) [NCS Release].mp3"
Mar 29 11:34 : exception: Failed to open /home/ferdi/.mpd/playlists: No such file or directory
Mar 31 18:36 : exception: Failed to open /home/ferdi/.mpd/playlists: No such file or directory
Mar 31 18:39 : exception: Failed to decode /home/ferdi/Music/Culture Code - Make Me Move (feat. Karra) [NCS Release].mp3; Failed to open '/home/ferdi/Music/Culture Code - Make Me Move (feat. Karra) [NCS Release].mp3': No such file or directory
Mar 31 18:39 : player: played "Culture Code - Make Me Move (feat. Karra) [NCS Release].mp3"
Mar 31 18:39 : exception: Failed to decode /home/ferdi/Music/Janji - Heroes Tonight (feat. Johnning) [NCS Release].mp3; Failed to open '/home/ferdi/Music/Janji - Heroes Tonight (feat. Johnning) [NCS Release].mp3': No such file or directory
Mar 31 18:39 : player: played "Janji - Heroes Tonight (feat. Johnning) [NCS Release].mp3"
Mar 31 18:39 : exception: Failed to decode /home/ferdi/Music/N3WPORT - Power (feat. braev) [NCS Release].mp3; Failed to open '/home/ferdi/Music/N3WPORT - Power (feat. braev) [NCS Release].mp3': No such file or directory
Mar 31 18:39 : player: played "N3WPORT - Power (feat. braev) [NCS Release].mp3"
Mar 31 18:39 : exception: Failed to decode /home/ferdi/Music/NEFFEX - Grateful [Copyright Free].mp3; Failed to open '/home/ferdi/Music/NEFFEX - Grateful [Copyright Free].mp3': No such file or directory
Mar 31 18:39 : player: played "NEFFEX - Grateful [Copyright Free].mp3"
Mar 31 18:39 : exception: Failed to decode /home/ferdi/Music/Culture Code - Make Me Move (feat. Karra) [NCS Release].mp3; Failed to open '/home/ferdi/Music/Culture Code - Make Me Move (feat. Karra) [NCS Release].mp3': No such file or directory
Mar 31 18:39 : player: played "Culture Code - Make Me Move (feat. Karra) [NCS Release].mp3"
Mar 31 18:39 : exception: Failed to decode /home/ferdi/Music/Culture Code - Make Me Move (feat. Karra) [NCS Release].mp3; Failed to open '/home/ferdi/Music/Culture Code - Make Me Move (feat. Karra) [NCS Release].mp3': No such file or directory
Mar 31 18:39 : exception: Failed to decode /home/ferdi/Music/Janji - Heroes Tonight (feat. Johnning) [NCS Release].mp3; Failed to open '/home/ferdi/Music/Janji - Heroes Tonight (feat. Johnning) [NCS Release].mp3': No such file or directory
Mar 31 18:39 : player: played "Janji - Heroes Tonight (feat. Johnning) [NCS Release].mp3"
Mar 31 18:39 : exception: Failed to decode /home/ferdi/Music/N3WPORT - Power (feat. braev) [NCS Release].mp3; Failed to open '/home/ferdi/Music/N3WPORT - Power (feat. braev) [NCS Release].mp3': No such file or directory
Mar 31 18:39 : player: played "N3WPORT - Power (feat. braev) [NCS Release].mp3"
Mar 31 18:39 : exception: Failed to decode /home/ferdi/Music/NEFFEX - Grateful [Copyright Free].mp3; Failed to open '/home/ferdi/Music/NEFFEX - Grateful [Copyright Free].mp3': No such file or directory
Mar 31 18:39 : player: played "NEFFEX - Grateful [Copyright Free].mp3"
Mar 31 18:39 : exception: Failed to decode /home/ferdi/Music/Janji - Heroes Tonight (feat. Johnning) [NCS Release].mp3; Failed to open '/home/ferdi/Music/Janji - Heroes Tonight (feat. Johnning) [NCS Release].mp3': No such file or directory
Mar 31 18:39 : player: played "Janji - Heroes Tonight (feat. Johnning) [NCS Release].mp3"
Mar 31 18:39 : exception: Failed to decode /home/ferdi/Music/Janji - Heroes Tonight (feat. Johnning) [NCS Release].mp3; Failed to open '/home/ferdi/Music/Janji - Heroes Tonight (feat. Johnning) [NCS Release].mp3': No such file or directory
Mar 31 18:39 : exception: Failed to decode /home/ferdi/Music/N3WPORT - Power (feat. braev) [NCS Release].mp3; Failed to open '/home/ferdi/Music/N3WPORT - Power (feat. braev) [NCS Release].mp3': No such file or directory
Mar 31 18:39 : player: played "N3WPORT - Power (feat. braev) [NCS Release].mp3"
Mar 31 18:39 : exception: Failed to decode /home/ferdi/Music/NEFFEX - Grateful [Copyright Free].mp3; Failed to open '/home/ferdi/Music/NEFFEX - Grateful [Copyright Free].mp3': No such file or directory
Mar 31 18:39 : player: played "NEFFEX - Grateful [Copyright Free].mp3"
Mar 31 18:39 : exception: Failed to decode /home/ferdi/Music/NEFFEX - Grateful [Copyright Free].mp3; Failed to open '/home/ferdi/Music/NEFFEX - Grateful [Copyright Free].mp3': No such file or directory
Mar 31 18:39 : player: played "NEFFEX - Grateful [Copyright Free].mp3"
Mar 31 18:39 : update: removing N3WPORT - Power (feat. braev) [NCS Release].mp3
Mar 31 18:39 : update: removing Janji - Heroes Tonight (feat. Johnning) [NCS Release].mp3
Mar 31 18:39 : update: removing Culture Code - Make Me Move (feat. Karra) [NCS Release].mp3
Mar 31 18:39 : update: removing Cartoon - On & On (feat. Daniel Levi) [NCS Release].mp3
Mar 31 18:39 : update: removing NEFFEX - Grateful [Copyright Free].mp3
Mar 31 18:39 : update: added /GHOSTEMANE - Nihil.mp3
Mar 31 18:39 : update: added /Ariana Grande - 34+35 (official video).mp3
Mar 31 18:39 : update: added /$LOTHBOI - Devil.mp3
Mar 31 18:39 : update: added /GHOSTEMANE - VENOM.mp3
Mar 31 18:39 : update: added /Rex Orange County - Sunflower (LYRICS).mp3
Mar 31 18:39 : update: added /XXXTENTACION - Fck Love.mp3
Mar 31 18:39 : update: added /YK Osiris - Worth It lyrics.mp3
Mar 31 18:39 : update: added /$UICIDEBOY$ - Putrid Pride.mp3
Mar 31 18:39 : update: added /Sia - Snowman.mp3
Mar 31 18:39 : update: added /HAARPER x FREDDIE DREDD - WTF U MEAN.mp3
Mar 31 18:39 : update: added /Live Solum - Driveway.mp3
Mar 31 18:39 : update: added /XXXTENTACION - bad vibes forever.mp3
Mar 31 18:39 : update: added /Stay With Me.mp3
Mar 31 18:39 : update: added /$uicideBoy$ Thanks For Sticking Around.mp3
Mar 31 18:39 : update: added /DROP IT LIKE IT'S HOT! (Prod. Luga).mp3
Mar 31 18:39 : update: added /LIVE SOLUM - Gxth B!tch.mp3
Mar 31 18:39 : update: added /Sean Kingston - Beautiful Girls.mp3
Mar 31 18:39 : update: added /SHUSH YUNG SLAUGHTER [OFFICIAL RELEASE] (2020).mp3
Mar 31 18:39 : update: added /GHOSTEMANE - Bonesaw.mp3
Mar 31 18:39 : update: added /Scrim - Jesus Wept.mp3
Mar 31 18:39 : update: added /GHOSTEMANE x Parv0 - I duckinf hatw you.mp3
Mar 31 18:39 : update: added /Lil Tecca - Ransom (Directed by Cole Bennett).mp3
Mar 31 18:39 : update: added /CUCO - Lover is a Day.mp3
Mar 31 18:39 : update: added /Pouya - Cyanide (With Ghostemane).mp3
Mar 31 18:39 : update: added /I Like You So Much, Youll Know It - Ysabelle Cuevas (Lyrics video dan terjemahan).mp3
Mar 31 18:39 : update: added /Mahaji - Snowing.mp3
Mar 31 18:39 : update: added /CUCO - Lo Que Siento .mp3
Mar 31 18:39 : update: added /HALO BOY - yum yum (ft. Jixi).mp3
Mar 31 18:39 : update: added /SALIVA GREY x 99ZED - K HOLE.mp3
Mar 31 18:39 : update: added /GHOSTEMANE - Squeeze.mp3
Mar 31 18:39 : update: added /FUR - If You Know That I'm Lonely (Official Video).mp3
Mar 31 18:39 : update: added /Bunny Girl.mp3
Mar 31 18:39 : update: added /HYASF X LEX PAIN - LUST (prod. Apollo Young).mp3
Mar 31 18:39 : update: added /Kill Yourself.mp3
Mar 31 18:39 : exception: Failed to open /home/ferdi/.mpd/playlists: No such file or directory
Mar 31 18:41 : exception: Failed to open /home/ferdi/.mpd/playlists: No such file or directory
Mar 31 18:44 : player: played "Ariana Grande - 34+35 (official video).mp3"
Mar 31 18:47 : player: played "Ariana Grande - 34+35 (official video).mp3"
Mar 31 18:48 : exception: Failed to open /home/ferdi/.mpd/playlists: No such file or directory
Mar 31 18:49 : player: played "Ariana Grande - 34+35 (official video).mp3"
Mar 31 19:05 : update: added /DEAD TO ME (Prod. HAARPER).mp3
Mar 31 19:05 : update: added /guap (feat. Letoa).mp3
Mar 31 19:05 : update: added /Lavagirl.mp3
Mar 31 19:05 : update: added /Gxth B!tch.mp3
Mar 31 19:05 : update: added /ECKO SHOW - Gelay (feat. AIL, NADAA) [ Lyric Video ].mp3
Mar 31 19:05 : update: added /Be My Gf.mp3
Mar 31 19:05 : update: added /1nonly - kiss (prod. tydavid & okayjml).mp3
Mar 31 19:05 : update: added /ZODD (Prod. LeLxx).mp3
Mar 31 19:05 : update: added /Shakira!.mp3
Mar 31 19:05 : exception: Failed to open /home/ferdi/.mpd/playlists: No such file or directory
Mar 31 19:09 : player: played "1nonly - kiss (prod. tydavid & okayjml).mp3"
Mar 31 19:09 : player: played "Be My Gf.mp3"
Mar 31 19:48 : player: played "1nonly - kiss (prod. tydavid & okayjml).mp3"
Mar 31 19:51 : player: played "Be My Gf.mp3"
Mar 31 19:53 : player: played "Bunny Girl.mp3"
Mar 31 19:56 : player: played "guap (feat. Letoa).mp3"
Mar 31 19:58 : player: played "Lavagirl.mp3"
Mar 31 20:00 : player: played "HYASF X LEX PAIN - LUST (prod. Apollo Young).mp3"
Mar 31 20:02 : player: played "Pouya - Cyanide (With Ghostemane).mp3"
Mar 31 20:04 : player: played "Shakira!.mp3"
Mar 31 20:06 : player: played "Scrim - Jesus Wept.mp3"
Apr 01 14:43 : player: played "Lavagirl.mp3"
Apr 01 14:44 : exception: Failed to open /home/ferdi/.mpd/playlists: No such file or directory
Apr 01 14:45 : player: played "HYASF X LEX PAIN - LUST (prod. Apollo Young).mp3"
Apr 01 14:45 : player: played "Shakira!.mp3"
Apr 02 11:12 : player: played "Sia - Snowman.mp3"
Apr 02 11:13 : player: played "Ariana Grande - 34+35 (official video).mp3"
Apr 02 16:09 : player: played "1nonly - kiss (prod. tydavid & okayjml).mp3"
Apr 02 23:17 : player: played "Bunny Girl.mp3"
Apr 02 23:19 : player: played "guap (feat. Letoa).mp3"
Apr 02 23:21 : player: played "Lavagirl.mp3"
Apr 02 23:23 : player: played "HYASF X LEX PAIN - LUST (prod. Apollo Young).mp3"
Apr 02 23:25 : player: played "Pouya - Cyanide (With Ghostemane).mp3"
Apr 04 09:31 : player: played "Shakira!.mp3"
Apr 05 15:28 : player: played "Shakira!.mp3"
Apr 05 15:30 : player: played "Scrim - Jesus Wept.mp3"
Apr 05 15:32 : player: played "ZODD (Prod. LeLxx).mp3"
Apr 05 15:35 : player: played "DEAD TO ME (Prod. HAARPER).mp3"
Apr 05 15:38 : player: played "HAARPER x FREDDIE DREDD - WTF U MEAN.mp3"
Apr 05 16:44 : player: played "1nonly - kiss (prod. tydavid & okayjml).mp3"
Apr 05 17:11 : player: played "Be My Gf.mp3"
Apr 06 02:12 : exception: Failed to open /home/ferdi/.mpd/playlists: No such file or directory
Apr 06 02:14 : exception: Failed to open /home/ferdi/.mpd/playlists: No such file or directory
Apr 06 02:15 : player: played "Bunny Girl.mp3"
Apr 06 02:17 : player: played "guap (feat. Letoa).mp3"
Apr 06 02:20 : player: played "Lavagirl.mp3"
Apr 06 02:21 : player: played "HYASF X LEX PAIN - LUST (prod. Apollo Young).mp3"
Apr 06 02:24 : player: played "Pouya - Cyanide (With Ghostemane).mp3"
Apr 06 02:26 : player: played "Shakira!.mp3"
Apr 06 02:28 : player: played "Stay With Me.mp3"
Apr 06 02:31 : player: played "Sia - Snowman.mp3"
Apr 06 02:33 : player: played "Sia - Snowman.mp3"
Apr 06 02:35 : player: played "Sia - Snowman.mp3"
Apr 06 02:40 : player: played "Sia - Snowman.mp3"
Apr 06 02:46 : player: played "1nonly - kiss (prod. tydavid & okayjml).mp3"
Apr 06 03:16 : player: played "Bunny Girl.mp3"
Apr 06 09:23 : player: played "Bunny Girl.mp3"
Apr 06 09:25 : player: played "guap (feat. Letoa).mp3"
Apr 06 09:26 : exception: Failed to open /home/ferdi/.mpd/playlists: No such file or directory
Apr 06 09:29 : player: played "Stay With Me.mp3"
Apr 06 09:30 : player: played "$UICIDEBOY$ - Putrid Pride.mp3"
Apr 10 01:08 : player: played "Mahaji - Snowing.mp3"
Apr 10 21:30 : player: played "Mahaji - Snowing.mp3"
Apr 10 21:34 : player: played "Ariana Grande - 34+35 (official video).mp3"
Apr 10 21:36 : player: played "1nonly - kiss (prod. tydavid & okayjml).mp3"
Apr 10 21:39 : player: played "Be My Gf.mp3"
Apr 10 21:43 : player: played "HYASF X LEX PAIN - LUST (prod. Apollo Young).mp3"
Apr 10 21:45 : player: played "Pouya - Cyanide (With Ghostemane).mp3"
Apr 10 21:47 : player: played "Shakira!.mp3"
Apr 10 21:50 : player: played "Scrim - Jesus Wept.mp3"
Apr 10 21:52 : player: played "ZODD (Prod. LeLxx).mp3"
Apr 10 22:45 : player: played "Stay With Me.mp3"
Apr 11 03:09 : player: played "Stay With Me.mp3"
Apr 11 03:49 : player: played "Mahaji - Snowing.mp3"
Apr 11 19:15 : player: played "Mahaji - Snowing.mp3"
Apr 11 19:19 : player: played "Sia - Snowman.mp3"
Apr 11 19:22 : player: played "Ariana Grande - 34+35 (official video).mp3"
Apr 11 19:25 : player: played "1nonly - kiss (prod. tydavid & okayjml).mp3"
Apr 11 19:28 : player: played "Be My Gf.mp3"
Apr 11 19:31 : player: played "$uicideBoy$ Thanks For Sticking Around.mp3"
Apr 11 19:33 : player: played "Mahaji - Snowing.mp3"
Apr 12 19:32 : player: played "Sia - Snowman.mp3"
Apr 12 19:35 : player: played "Ariana Grande - 34+35 (official video).mp3"
Apr 12 19:38 : player: played "1nonly - kiss (prod. tydavid & okayjml).mp3"
Apr 12 19:41 : player: played "Be My Gf.mp3"
Apr 12 19:43 : player: played "Bunny Girl.mp3"
Apr 12 19:46 : player: played "guap (feat. Letoa).mp3"
Apr 12 19:48 : player: played "Lavagirl.mp3"
Apr 12 19:50 : player: played "HYASF X LEX PAIN - LUST (prod. Apollo Young).mp3"
Apr 12 19:52 : player: played "Pouya - Cyanide (With Ghostemane).mp3"
Apr 12 19:54 : player: played "Shakira!.mp3"
Apr 12 19:56 : player: played "Scrim - Jesus Wept.mp3"
Apr 12 19:58 : player: played "Scrim - Jesus Wept.mp3"
Apr 12 19:59 : player: played "Scrim - Jesus Wept.mp3"
Apr 12 20:00 : player: played "ZODD (Prod. LeLxx).mp3"
Apr 12 23:29 : update: updating /Ariana Grande - 34+35 (official video).mp3
Apr 12 23:29 : update: updating /$LOTHBOI - Devil.mp3
Apr 12 23:29 : update: updating /DEAD TO ME (Prod. HAARPER).mp3
Apr 12 23:29 : update: updating /Lavagirl.mp3
Apr 12 23:29 : update: updating /ECKO SHOW - Gelay (feat. AIL, NADAA) [ Lyric Video ].mp3
Apr 12 23:29 : update: added /Steelheart - She's Gone (Official Video).mp3
Apr 12 23:29 : update: updating /Stay With Me.mp3
Apr 12 23:29 : update: updating /DROP IT LIKE IT'S HOT! (Prod. Luga).mp3
Apr 12 23:29 : update: added /Queen Bohemian Rhapsody (Official Video Remastered).mp3
Apr 12 23:29 : update: added /Passenger Let Her Go (Official Video).mp3
Apr 12 23:29 : update: updating /Sean Kingston - Beautiful Girls.mp3
Apr 12 23:29 : update: updating /Be My Gf.mp3
Apr 12 23:29 : update: updating /Scrim - Jesus Wept.mp3
Apr 12 23:29 : update: updating /CUCO - Lover is a Day.mp3
Apr 12 23:29 : update: updating /1nonly - kiss (prod. tydavid & okayjml).mp3
Apr 12 23:29 : update: added /Guns N' Roses - Sweet Child O' Mine (Official Music Video).mp3
Apr 12 23:29 : update: updating /Shakira!.mp3
Apr 12 23:29 : update: updating /Bunny Girl.mp3
Apr 12 23:29 : exception: Failed to open /home/ferdi/.mpd/playlists: No such file or directory
Apr 12 23:35 : player: played "Guns N' Roses - Sweet Child O' Mine (Official Music Video).mp3"
Apr 12 23:41 : player: played "Passenger Let Her Go (Official Video).mp3"
Apr 12 23:45 : player: played "Sean Kingston - Beautiful Girls.mp3"
Apr 12 23:50 : player: played "Steelheart - She's Gone (Official Video).mp3"
Apr 12 23:55 : player: played "CUCO - Lo Que Siento .mp3"
Apr 13 00:03 : player: played "CUCO - Lover is a Day.mp3"
Apr 13 00:08 : player: played "Guns N' Roses - Sweet Child O' Mine (Official Music Video).mp3"
Apr 14 16:53 : exception: Failed to open /home/ferdi/.mpd/playlists: No such file or directory
Apr 14 16:53 : exception: Failed to open /home/ferdi/.mpd/playlists: No such file or directory
Apr 14 16:53 : exception: Failed to open /home/ferdi/.mpd/playlists: No such file or directory
Apr 14 16:53 : exception: Failed to open /home/ferdi/.mpd/playlists: No such file or directory
Apr 14 16:55 : player: played "Stay With Me.mp3"
Apr 14 16:57 : player: played "$UICIDEBOY$ - Putrid Pride.mp3"
Apr 14 17:03 : player: played "Guns N' Roses - Sweet Child O' Mine (Official Music Video).mp3"
Apr 14 17:45 : exception: Failed to open /home/ferdi/.mpd/playlists: No such file or directory
Apr 14 17:50 : player: played "Passenger Let Her Go (Official Video).mp3"
Apr 14 17:54 : player: played "Sean Kingston - Beautiful Girls.mp3"
Apr 14 04:19 : exception: Failed to open /home/ferdi/.mpd/playlists: No such file or directory
Apr 14 04:23 : player: played "Queen Bohemian Rhapsody (Official Video Remastered).mp3"
Apr 14 04:41 : player: played "Queen Bohemian Rhapsody (Official Video Remastered).mp3"
Apr 14 04:45 : player: played "Passenger Let Her Go (Official Video).mp3"
Apr 14 04:46 : player: played "Mahaji - Snowing.mp3"
Apr 15 02:10 : player: played "Passenger Let Her Go (Official Video).mp3"
Apr 15 02:13 : player: played "Mahaji - Snowing.mp3"
Apr 15 02:18 : player: played "Guns N' Roses - Sweet Child O' Mine (Official Music Video).mp3"
Apr 15 02:20 : player: played "Lavagirl.mp3"
Apr 15 02:27 : player: played "CUCO - Lover is a Day.mp3"
Apr 15 02:37 : player: played "Queen Bohemian Rhapsody (Official Video Remastered).mp3"
Apr 15 02:42 : player: played "Passenger Let Her Go (Official Video).mp3"
Apr 15 02:44 : player: played "Mahaji - Snowing.mp3"
Apr 15 02:49 : player: played "Guns N' Roses - Sweet Child O' Mine (Official Music Video).mp3"
Apr 15 02:52 : player: played "Lavagirl.mp3"
Apr 15 02:59 : player: played "CUCO - Lover is a Day.mp3"
Apr 15 03:04 : player: played "CUCO - Lo Que Siento .mp3"
Apr 15 03:07 : player: played "Bunny Girl.mp3"
Apr 15 03:10 : player: played "Be My Gf.mp3"
Apr 15 03:14 : player: played "Ariana Grande - 34+35 (official video).mp3"
Apr 15 03:16 : player: played "1nonly - kiss (prod. tydavid & okayjml).mp3"
